<?xml version="1.0" encoding="UTF-8"?>
<!-- Generated by org.testng.reporters.JUnitReportReporter -->
<testsuite hostname="DESKTOP-3S4A0OP" failures="0" tests="2" name="testNG_Program.TestNg_1" time="0.013" errors="0" timestamp="05 Jan 2022 16:44:38 GMT" skipped="0">
  <testcase classname="testNG_Program.TestNg_1" name="Test3" time="0.001"/>
  <testcase classname="testNG_Program.TestNg_1" name="Test1" time="0.012"/>
</testsuite> <!-- testNG_Program.TestNg_1 -->
