<?xml version="1.0" encoding="UTF-8"?>
<!-- Generated by org.testng.reporters.JUnitReportReporter -->
<testsuite hostname="DESKTOP-3S4A0OP" failures="0" tests="1" name="testNG_Concepts.Expexted_Keyword" time="0.009" errors="0" timestamp="11 Jan 2022 15:19:51 GMT" skipped="0">
  <testcase classname="testNG_Concepts.Expexted_Keyword" name="test1" time="0.009"/>
</testsuite> <!-- testNG_Concepts.Expexted_Keyword -->
