<?xml version="1.0" encoding="UTF-8"?>
<!-- Generated by org.testng.reporters.JUnitReportReporter -->
<testsuite hostname="DESKTOP-3S4A0OP" failures="0" tests="3" name="testNG_Concepts.Demo_Class" time="30.329" errors="0" timestamp="14 Jan 2022 16:45:15 GMT" skipped="0">
  <testcase classname="testNG_Concepts.Demo_Class" name="verifylogin" time="10.226"/>
  <testcase classname="testNG_Concepts.Demo_Class" name="verifyFBLogo" time="14.363"/>
  <testcase classname="testNG_Concepts.Demo_Class" name="verifycreatnewaccount" time="5.740"/>
</testsuite> <!-- testNG_Concepts.Demo_Class -->
