<?xml version="1.0" encoding="UTF-8"?>
<!-- Generated by org.testng.reporters.JUnitReportReporter -->
<testsuite hostname="DESKTOP-3S4A0OP" failures="0" tests="10" name="testNG_Concepts.InvocationCountClass" time="0.007" errors="0" timestamp="07 Jan 2022 17:23:15 GMT" skipped="0">
  <testcase classname="testNG_Concepts.InvocationCountClass" name="addition" time="0.001"/>
  <testcase classname="testNG_Concepts.InvocationCountClass" name="addition" time="0.001"/>
  <testcase classname="testNG_Concepts.InvocationCountClass" name="addition" time="0.001"/>
  <testcase classname="testNG_Concepts.InvocationCountClass" name="addition" time="0.000"/>
  <testcase classname="testNG_Concepts.InvocationCountClass" name="addition" time="0.001"/>
  <testcase classname="testNG_Concepts.InvocationCountClass" name="addition" time="0.000"/>
  <testcase classname="testNG_Concepts.InvocationCountClass" name="addition" time="0.000"/>
  <testcase classname="testNG_Concepts.InvocationCountClass" name="addition" time="0.001"/>
  <testcase classname="testNG_Concepts.InvocationCountClass" name="addition" time="0.001"/>
  <testcase classname="testNG_Concepts.InvocationCountClass" name="addition" time="0.001"/>
</testsuite> <!-- testNG_Concepts.InvocationCountClass -->
