<?xml version="1.0" encoding="UTF-8"?>
<!-- Generated by org.testng.reporters.JUnitReportReporter -->
<testsuite hostname="DESKTOP-3S4A0OP" failures="0" tests="1" name="testNG_Program.TestNG_2" time="5.059" errors="0" timestamp="05 Jan 2022 16:57:57 GMT" skipped="0">
  <testcase classname="testNG_Program.TestNG_2" name="FB" time="5.059"/>
</testsuite> <!-- testNG_Program.TestNG_2 -->
